<?xml version="1.0" encoding="UTF-8"?>
<coverage generated="1679072727474" clover="3.2.0">
  <project timestamp="1679072727474" name="All files">
    <metrics statements="19" coveredstatements="19" conditionals="9" coveredconditionals="9" methods="5" coveredmethods="5" elements="33" coveredelements="33" complexity="0" loc="19" ncloc="19" packages="1" files="1" classes="1"/>
    <file name="index.ts" path="/Users/ahmetemreparmaksiz/Desktop/vancy-frontend-challenge/algorithm-challenges/index.ts">
      <metrics statements="19" coveredstatements="19" conditionals="9" coveredconditionals="9" methods="5" coveredmethods="5"/>
      <line num="1" count="1" type="stmt"/>
      <line num="2" count="11" type="cond" truecount="5" falsecount="0"/>
      <line num="3" count="1" type="stmt"/>
      <line num="6" count="1" type="stmt"/>
      <line num="7" count="2" type="stmt"/>
      <line num="8" count="2" type="stmt"/>
      <line num="9" count="2" type="stmt"/>
      <line num="10" count="2" type="stmt"/>
      <line num="11" count="20" type="cond" truecount="2" falsecount="0"/>
      <line num="12" count="7" type="stmt"/>
      <line num="13" count="13" type="cond" truecount="2" falsecount="0"/>
      <line num="14" count="2" type="stmt"/>
      <line num="16" count="11" type="stmt"/>
      <line num="19" count="2" type="stmt"/>
      <line num="22" count="1" type="stmt"/>
      <line num="23" count="4" type="stmt"/>
      <line num="24" count="4" type="stmt"/>
      <line num="25" count="4" type="stmt"/>
      <line num="26" count="4" type="stmt"/>
    </file>
  </project>
</coverage>
