{"/Users/ahmetemreparmaksiz/Desktop/vancy-frontend-challenge/algorithm-challenges/index.ts": {"path":"/Users/ahmetemreparmaksiz/Desktop/vancy-frontend-challenge/algorithm-challenges/index.ts","statementMap":{"0":{"start":{"line":1,"column":32},"end":{"line":4,"column":1}},"1":{"start":{"line":2,"column":25},"end":{"line":2,"column":136}},"2":{"start":{"line":2,"column":48},"end":{"line":2,"column":135}},"3":{"start":{"line":3,"column":2},"end":{"line":3,"column":24}},"4":{"start":{"line":1,"column":13},"end":{"line":1,"column":32}},"5":{"start":{"line":6,"column":44},"end":{"line":20,"column":1}},"6":{"start":{"line":7,"column":17},"end":{"line":7,"column":42}},"7":{"start":{"line":8,"column":23},"end":{"line":8,"column":48}},"8":{"start":{"line":9,"column":19},"end":{"line":9,"column":34}},"9":{"start":{"line":10,"column":17},"end":{"line":18,"column":4}},"10":{"start":{"line":11,"column":4},"end":{"line":17,"column":null}},"11":{"start":{"line":12,"column":6},"end":{"line":12,"column":32}},"12":{"start":{"line":13,"column":11},"end":{"line":17,"column":null}},"13":{"start":{"line":14,"column":6},"end":{"line":14,"column":32}},"14":{"start":{"line":16,"column":6},"end":{"line":16,"column":18}},"15":{"start":{"line":19,"column":2},"end":{"line":19,"column":25}},"16":{"start":{"line":6,"column":13},"end":{"line":6,"column":44}},"17":{"start":{"line":22,"column":27},"end":{"line":27,"column":1}},"18":{"start":{"line":23,"column":19},"end":{"line":23,"column":34}},"19":{"start":{"line":24,"column":27},"end":{"line":24,"column":45}},"20":{"start":{"line":25,"column":24},"end":{"line":25,"column":49}},"21":{"start":{"line":26,"column":2},"end":{"line":26,"column":61}},"22":{"start":{"line":22,"column":13},"end":{"line":22,"column":27}}},"fnMap":{"0":{"name":"(anonymous_0)","decl":{"start":{"line":1,"column":32},"end":{"line":1,"column":33}},"loc":{"start":{"line":1,"column":65},"end":{"line":4,"column":1}}},"1":{"name":"(anonymous_1)","decl":{"start":{"line":2,"column":39},"end":{"line":2,"column":44}},"loc":{"start":{"line":2,"column":48},"end":{"line":2,"column":135}}},"2":{"name":"(anonymous_2)","decl":{"start":{"line":6,"column":44},"end":{"line":6,"column":45}},"loc":{"start":{"line":6,"column":70},"end":{"line":20,"column":1}}},"3":{"name":"(anonymous_3)","decl":{"start":{"line":10,"column":31},"end":{"line":10,"column":35}},"loc":{"start":{"line":10,"column":38},"end":{"line":18,"column":3}}},"4":{"name":"(anonymous_4)","decl":{"start":{"line":22,"column":27},"end":{"line":22,"column":28}},"loc":{"start":{"line":22,"column":54},"end":{"line":27,"column":1}}}},"branchMap":{"0":{"loc":{"start":{"line":2,"column":48},"end":{"line":2,"column":135}},"type":"binary-expr","locations":[{"start":{"line":2,"column":48},"end":{"line":2,"column":67}},{"start":{"line":2,"column":71},"end":{"line":2,"column":85}},{"start":{"line":2,"column":89},"end":{"line":2,"column":104}},{"start":{"line":2,"column":108},"end":{"line":2,"column":120}},{"start":{"line":2,"column":124},"end":{"line":2,"column":135}}]},"1":{"loc":{"start":{"line":11,"column":4},"end":{"line":17,"column":null}},"type":"if","locations":[{"start":{"line":11,"column":4},"end":{"line":17,"column":null}},{"start":{"line":13,"column":11},"end":{"line":17,"column":null}}]},"2":{"loc":{"start":{"line":13,"column":11},"end":{"line":17,"column":null}},"type":"if","locations":[{"start":{"line":13,"column":11},"end":{"line":17,"column":null}},{"start":{"line":15,"column":11},"end":{"line":17,"column":null}}]}},"s":{"0":1,"1":1,"2":11,"3":1,"4":1,"5":1,"6":2,"7":2,"8":2,"9":2,"10":20,"11":7,"12":13,"13":2,"14":11,"15":2,"16":1,"17":1,"18":4,"19":4,"20":4,"21":4,"22":1},"f":{"0":1,"1":11,"2":2,"3":20,"4":4},"b":{"0":[11,10,9,8,8],"1":[7,13],"2":[2,11]}}
}
