TN:
SF:index.ts
FN:1,(anonymous_0)
FN:2,(anonymous_1)
FN:6,(anonymous_2)
FN:10,(anonymous_3)
FN:22,(anonymous_4)
FNF:5
FNH:5
FNDA:1,(anonymous_0)
FNDA:11,(anonymous_1)
FNDA:2,(anonymous_2)
FNDA:20,(anonymous_3)
FNDA:4,(anonymous_4)
DA:1,1
DA:2,11
DA:3,1
DA:6,1
DA:7,2
DA:8,2
DA:9,2
DA:10,2
DA:11,20
DA:12,7
DA:13,13
DA:14,2
DA:16,11
DA:19,2
DA:22,1
DA:23,4
DA:24,4
DA:25,4
DA:26,4
LF:19
LH:19
BRDA:2,0,0,11
BRDA:2,0,1,10
BRDA:2,0,2,9
BRDA:2,0,3,8
BRDA:2,0,4,8
BRDA:11,1,0,7
BRDA:11,1,1,13
BRDA:13,2,0,2
BRDA:13,2,1,11
BRF:9
BRH:9
end_of_record
